<?xml version="1.0" encoding="UTF-8"?>
<!-- Generated by org.testng.reporters.JUnitXMLReporter -->
<testsuite ignored="0" hostname="DESKTOP-MC7UQM0" failures="0" tests="9" name="Test" time="2.212" errors="0" timestamp="2022-10-17T22:12:19 IST">
  <testcase classname="com.org.ss.virujh.DoctorVideoConsultationtest" name="@BeforeTest Launch_Browser" time="2.165">
    <failure type="org.openqa.selenium.WebDriverException" message="unknown error: net::ERR_NAME_NOT_RESOLVED
  (Session info: chrome=106.0.5249.119)
Build info: version: &amp;apos;3.141.59&amp;apos;, revision: &amp;apos;e82be7d358&amp;apos;, time: &amp;apos;2018-11-14T08:17:03&amp;apos;
System info: host: &amp;apos;DESKTOP-MC7UQM0&amp;apos;, ip: &amp;apos;192.168.0.86&amp;apos;, os.name: &amp;apos;Windows 10&amp;apos;, os.arch: &amp;apos;amd64&amp;apos;, os.version: &amp;apos;10.0&amp;apos;, java.version: &amp;apos;17.0.1&amp;apos;
Driver info: org.openqa.selenium.chrome.ChromeDriver
Capabilities {acceptInsecureCerts: false, browserName: chrome, browserVersion: 106.0.5249.119, chrome: {chromedriverVersion: 106.0.5249.61 (511755355844..., userDataDir: C:\Users\Admin\AppData\Loca...}, goog:chromeOptions: {debuggerAddress: localhost:60966}, javascriptEnabled: true, networkConnectionEnabled: false, pageLoadStrategy: normal, platform: WINDOWS, platformName: WINDOWS, proxy: Proxy(), setWindowRect: true, strictFileInteractability: false, timeouts: {implicit: 0, pageLoad: 300000, script: 30000}, unhandledPromptBehavior: dismiss and notify, webauthn:extension:credBlob: true, webauthn:extension:largeBlob: true, webauthn:virtualAuthenticators: true}
Session ID: 25b48a21ea3be0a9c959f4dce8e4c66f">
      <![CDATA[org.openqa.selenium.WebDriverException: unknown error: net::ERR_NAME_NOT_RESOLVED
  (Session info: chrome=106.0.5249.119)
Build info: version: '3.141.59', revision: 'e82be7d358', time: '2018-11-14T08:17:03'
System info: host: 'DESKTOP-MC7UQM0', ip: '192.168.0.86', os.name: 'Windows 10', os.arch: 'amd64', os.version: '10.0', java.version: '17.0.1'
Driver info: org.openqa.selenium.chrome.ChromeDriver
Capabilities {acceptInsecureCerts: false, browserName: chrome, browserVersion: 106.0.5249.119, chrome: {chromedriverVersion: 106.0.5249.61 (511755355844..., userDataDir: C:\Users\Admin\AppData\Loca...}, goog:chromeOptions: {debuggerAddress: localhost:60966}, javascriptEnabled: true, networkConnectionEnabled: false, pageLoadStrategy: normal, platform: WINDOWS, platformName: WINDOWS, proxy: Proxy(), setWindowRect: true, strictFileInteractability: false, timeouts: {implicit: 0, pageLoad: 300000, script: 30000}, unhandledPromptBehavior: dismiss and notify, webauthn:extension:credBlob: true, webauthn:extension:largeBlob: true, webauthn:virtualAuthenticators: true}
Session ID: 25b48a21ea3be0a9c959f4dce8e4c66f
at org.openqa.selenium.remote.http.W3CHttpResponseCodec.createException(W3CHttpResponseCodec.java:187)
at org.openqa.selenium.remote.http.W3CHttpResponseCodec.decode(W3CHttpResponseCodec.java:122)
at org.openqa.selenium.remote.http.W3CHttpResponseCodec.decode(W3CHttpResponseCodec.java:49)
at org.openqa.selenium.remote.HttpCommandExecutor.execute(HttpCommandExecutor.java:158)
at org.openqa.selenium.remote.service.DriverCommandExecutor.execute(DriverCommandExecutor.java:83)
at org.openqa.selenium.remote.RemoteWebDriver.execute(RemoteWebDriver.java:552)
at org.openqa.selenium.remote.RemoteWebDriver.get(RemoteWebDriver.java:277)
at com.org.ss.virujh.Browser.browseropen(Browser.java:27)
at com.org.ss.virujh.DoctorVideoConsultationtest.Launch_Browser(DoctorVideoConsultationtest.java:12)
... Removed 29 stack frames]]>
    </failure>
  </testcase> <!-- @BeforeTest Launch_Browser -->
  <testcase classname="com.org.ss.virujh.PatientVideoConsultationtest" name="@BeforeTest Launch_Browser" time="-1.666024939043E9">
    <skipped/>
  </testcase> <!-- @BeforeTest Launch_Browser -->
  <testcase classname="com.org.ss.virujh.DoctorVideoConsultationtest" name="Doctor_SignIn" time="0.0">
    <skipped/>
  </testcase> <!-- Doctor_SignIn -->
  <testcase classname="com.org.ss.virujh.PatientVideoConsultationtest" name="Patient_SignIn" time="0.0">
    <skipped/>
  </testcase> <!-- Patient_SignIn -->
  <testcase classname="com.org.ss.virujh.DoctorVideoConsultationtest" name="Doctor_Video_Conslt" time="0.0">
    <skipped/>
  </testcase> <!-- Doctor_Video_Conslt -->
  <testcase classname="com.org.ss.virujh.PatientVideoConsultationtest" name="Patient_Upcoming_appoinments" time="0.0">
    <skipped/>
  </testcase> <!-- Patient_Upcoming_appoinments -->
  <testcase classname="com.org.ss.virujh.DoctorVideoConsultationtest" name="Prescription" time="0.0">
    <skipped/>
  </testcase> <!-- Prescription -->
  <testcase classname="com.org.ss.virujh.PatientVideoConsultationtest" name="Prescription_Validation" time="0.0">
    <skipped/>
  </testcase> <!-- Prescription_Validation -->
  <testcase classname="com.org.ss.virujh.DoctorVideoConsultationtest" name="Next_Session" time="0.0">
    <skipped/>
  </testcase> <!-- Next_Session -->
  <testcase classname="com.org.ss.virujh.DoctorVideoConsultationtest" name="Prescription_validation" time="0.0">
    <skipped/>
  </testcase> <!-- Prescription_validation -->
  <testcase classname="com.org.ss.virujh.DoctorVideoConsultationtest" name="End_Session" time="0.0">
    <skipped/>
  </testcase> <!-- End_Session -->
</testsuite> <!-- Test -->
